2023/08/06 10:32:07 [notice] 1#1: using the "epoll" event method
2023/08/06 10:32:07 [notice] 1#1: nginx/1.25.1
2023/08/06 10:32:07 [notice] 1#1: built by gcc 12.2.1 20220924 (Alpine 12.2.1_git20220924-r4) 
2023/08/06 10:32:07 [notice] 1#1: OS: Linux 5.15.0-78-generic
2023/08/06 10:32:07 [notice] 1#1: getrlimit(RLIMIT_NOFILE): 1048576:1048576
2023/08/06 10:32:07 [notice] 1#1: start worker processes
2023/08/06 10:32:07 [notice] 1#1: start worker process 29
2023/08/06 10:32:07 [notice] 1#1: start worker process 30
2023/08/06 10:32:07 [notice] 1#1: start worker process 31
2023/08/06 10:32:07 [notice] 1#1: start worker process 32
2023/08/06 10:32:07 [notice] 1#1: start worker process 33
2023/08/06 10:32:07 [notice] 1#1: start worker process 34
2023/08/06 10:32:07 [notice] 1#1: start worker process 35
2023/08/06 10:32:07 [notice] 1#1: start worker process 36
2023/08/06 10:32:07 [notice] 1#1: start worker process 37
2023/08/06 10:32:07 [notice] 1#1: start worker process 38
2023/08/06 10:32:07 [notice] 1#1: start worker process 39
2023/08/06 10:32:07 [notice] 1#1: start worker process 40
2023/08/06 10:32:07 [notice] 1#1: start worker process 41
2023/08/06 10:32:07 [notice] 1#1: start worker process 42
2023/08/06 10:32:07 [notice] 1#1: start worker process 43
2023/08/06 10:32:07 [notice] 1#1: start worker process 44
2023/08/06 10:48:40 [error] 29#29: *1 FastCGI sent in stderr: "PHP message: [debug] Notified event "kernel.request" to listener "Symfony\Component\HttpKernel\EventListener\DebugHandlersListener::configure".PHP message: [debug] Notified event "kernel.request" to listener "Symfony\Component\HttpKernel\EventListener\ValidateRequestListener::onKernelRequest".PHP message: [debug] Notified event "kernel.request" to listener "Symfony\Component\HttpKernel\EventListener\SessionListener::onKernelRequest".PHP message: [debug] Notified event "kernel.request" to listener "Symfony\Component\HttpKernel\EventListener\LocaleListener::setDefaultLocale".PHP message: [debug] Notified event "kernel.request" to listener "Symfony\Component\HttpKernel\EventListener\RouterListener::onKernelRequest".PHP message: [error] Uncaught PHP Exception Symfony\Component\HttpKernel\Exception\NotFoundHttpException: "No route found for "GET http://localhost/"" at /var/www/html/vendor/symfony/http-kernel/EventListener/RouterListener.php line 135PHP message: [debug] Notified event "kernel.exception" to listener "Symfony\Component\HttpKernel\EventListener\ErrorListener::logKernelException".PHP message: [debug] Notified event "kernel.exception" to listener "Symfony\Component\HttpKernel\EventListener\RouterListener::onKernelException".PHP message: [debug] Listener "Symfony\Component\HttpKernel\EventListener\RouterListener::onKernelException" stopped propagation of the event "kernel.exception".PHP message: [debug] Listener "Symfony\Component\HttpKernel\EventListener\ErrorListener::onKernelException" was not called for event "kernel.exception".PHP message: [debug] Notified event "kernel.response" to listener "Symfony\Component\HttpKernel\EventListener\ResponseListener::onKernelResponse".PHP message: [debug] Notified event "kernel.response" to listener "Symfony\Component\HttpKernel\EventListener\ErrorListener::removeCspHeader".PHP message: [debug] Notified event "kernel.response" to listener "Symfony\Component\HttpKernel\EventListener\DisallowRobotsIndexingL
2023/08/06 10:48:40 [error] 29#29: *1 FastCGI sent in stderr: "PHP message: [debug] Notified event "kernel.request" to listener "Symfony\Component\HttpKernel\EventListener\DebugHandlersListener::configure".PHP message: [debug] Notified event "kernel.request" to listener "Symfony\Component\HttpKernel\EventListener\ValidateRequestListener::onKernelRequest".PHP message: [debug] Notified event "kernel.request" to listener "Symfony\Component\HttpKernel\EventListener\SessionListener::onKernelRequest".PHP message: [debug] Notified event "kernel.request" to listener "Symfony\Component\HttpKernel\EventListener\LocaleListener::setDefaultLocale".PHP message: [debug] Notified event "kernel.request" to listener "Symfony\Component\HttpKernel\EventListener\RouterListener::onKernelRequest".PHP message: [error] Uncaught PHP Exception Symfony\Component\HttpKernel\Exception\NotFoundHttpException: "No route found for "GET http://localhost/favicon.ico" (from "http://localhost/")" at /var/www/html/vendor/symfony/http-kernel/EventListener/RouterListener.php line 135PHP message: [debug] Notified event "kernel.request" to listener "Symfony\Component\HttpKernel\EventListener\DebugHandlersListener::configure".PHP message: [debug] Notified event "kernel.request" to listener "Symfony\Component\HttpKernel\EventListener\ValidateRequestListener::onKernelRequest".PHP message: [debug] Notified event "kernel.request" to listener "Symfony\Component\HttpKernel\EventListener\SessionListener::onKernelRequest".PHP message: [debug] Notified event "kernel.request" to listener "Symfony\Component\HttpKernel\EventListener\LocaleListener::setDefaultLocale".PHP message: [debug] Notified event "kernel.request" to listener "Symfony\Component\HttpKernel\EventListener\RouterListener::onKernelRequest".PHP message: [debug] Notified event "kernel.request" to listener "Symfony\Component\HttpKernel\EventListener\LocaleListener::onKernelRequest".PHP message: [debug] Notified event "kernel.controller_arguments" to listener "Symfony\Component\HttpKernel\EventListener\Er
2023/08/06 11:15:38 [notice] 1#1: signal 3 (SIGQUIT) received, shutting down
2023/08/06 11:15:38 [notice] 30#30: gracefully shutting down
2023/08/06 11:15:38 [notice] 29#29: gracefully shutting down
2023/08/06 11:15:38 [notice] 34#34: gracefully shutting down
2023/08/06 11:15:38 [notice] 32#32: gracefully shutting down
2023/08/06 11:15:38 [notice] 30#30: exiting
2023/08/06 11:15:38 [notice] 38#38: gracefully shutting down
2023/08/06 11:15:38 [notice] 36#36: gracefully shutting down
2023/08/06 11:15:38 [notice] 35#35: gracefully shutting down
2023/08/06 11:15:38 [notice] 29#29: exiting
2023/08/06 11:15:38 [notice] 34#34: exiting
2023/08/06 11:15:38 [notice] 41#41: gracefully shutting down
2023/08/06 11:15:38 [notice] 32#32: exiting
2023/08/06 11:15:38 [notice] 31#31: gracefully shutting down
2023/08/06 11:15:38 [notice] 38#38: exiting
2023/08/06 11:15:38 [notice] 39#39: gracefully shutting down
2023/08/06 11:15:38 [notice] 42#42: gracefully shutting down
2023/08/06 11:15:38 [notice] 36#36: exiting
2023/08/06 11:15:38 [notice] 35#35: exiting
2023/08/06 11:15:38 [notice] 41#41: exiting
2023/08/06 11:15:38 [notice] 31#31: exiting
2023/08/06 11:15:38 [notice] 39#39: exiting
2023/08/06 11:15:38 [notice] 42#42: exiting
2023/08/06 11:15:38 [notice] 30#30: exit
2023/08/06 11:15:38 [notice] 34#34: exit
2023/08/06 11:15:38 [notice] 38#38: exit
2023/08/06 11:15:38 [notice] 32#32: exit
2023/08/06 11:15:38 [notice] 31#31: exit
2023/08/06 11:15:38 [notice] 29#29: exit
2023/08/06 11:15:38 [notice] 41#41: exit
2023/08/06 11:15:38 [notice] 35#35: exit
2023/08/06 11:15:38 [notice] 36#36: exit
2023/08/06 11:15:38 [notice] 39#39: exit
2023/08/06 11:15:38 [notice] 42#42: exit
2023/08/06 11:15:38 [notice] 40#40: gracefully shutting down
2023/08/06 11:15:38 [notice] 40#40: exiting
2023/08/06 11:15:38 [notice] 40#40: exit
2023/08/06 11:15:38 [notice] 44#44: gracefully shutting down
2023/08/06 11:15:38 [notice] 37#37: gracefully shutting down
2023/08/06 11:15:38 [notice] 44#44: exiting
2023/08/06 11:15:38 [notice] 37#37: exiting
2023/08/06 11:15:38 [notice] 44#44: exit
2023/08/06 11:15:38 [notice] 37#37: exit
2023/08/06 11:15:38 [notice] 33#33: gracefully shutting down
2023/08/06 11:15:38 [notice] 33#33: exiting
2023/08/06 11:15:38 [notice] 43#43: gracefully shutting down
2023/08/06 11:15:38 [notice] 43#43: exiting
2023/08/06 11:15:38 [notice] 33#33: exit
2023/08/06 11:15:38 [notice] 43#43: exit
2023/08/06 11:15:38 [notice] 1#1: signal 17 (SIGCHLD) received from 34
2023/08/06 11:15:38 [notice] 1#1: worker process 34 exited with code 0
2023/08/06 11:15:38 [notice] 1#1: signal 29 (SIGIO) received
2023/08/06 11:15:38 [notice] 1#1: signal 17 (SIGCHLD) received from 43
2023/08/06 11:15:38 [notice] 1#1: worker process 29 exited with code 0
2023/08/06 11:15:38 [notice] 1#1: worker process 36 exited with code 0
2023/08/06 11:15:38 [notice] 1#1: worker process 41 exited with code 0
2023/08/06 11:15:38 [notice] 1#1: worker process 42 exited with code 0
2023/08/06 11:15:38 [notice] 1#1: worker process 43 exited with code 0
2023/08/06 11:15:38 [notice] 1#1: signal 29 (SIGIO) received
2023/08/06 11:15:38 [notice] 1#1: signal 17 (SIGCHLD) received from 36
2023/08/06 11:15:38 [notice] 1#1: worker process 35 exited with code 0
2023/08/06 11:15:38 [notice] 1#1: signal 29 (SIGIO) received
2023/08/06 11:15:38 [notice] 1#1: signal 17 (SIGCHLD) received from 30
2023/08/06 11:15:38 [notice] 1#1: worker process 30 exited with code 0
2023/08/06 11:15:38 [notice] 1#1: signal 29 (SIGIO) received
2023/08/06 11:15:38 [notice] 1#1: signal 17 (SIGCHLD) received from 40
2023/08/06 11:15:38 [notice] 1#1: worker process 38 exited with code 0
2023/08/06 11:15:38 [notice] 1#1: worker process 31 exited with code 0
2023/08/06 11:15:38 [notice] 1#1: worker process 32 exited with code 0
2023/08/06 11:15:38 [notice] 1#1: worker process 37 exited with code 0
2023/08/06 11:15:38 [notice] 1#1: worker process 40 exited with code 0
2023/08/06 11:15:38 [notice] 1#1: worker process 44 exited with code 0
2023/08/06 11:15:38 [notice] 1#1: worker process 33 exited with code 0
2023/08/06 11:15:38 [notice] 1#1: signal 29 (SIGIO) received
2023/08/06 11:15:38 [notice] 1#1: signal 17 (SIGCHLD) received from 38
2023/08/06 11:15:38 [notice] 1#1: signal 17 (SIGCHLD) received from 39
2023/08/06 11:15:38 [notice] 1#1: worker process 39 exited with code 0
2023/08/06 11:15:38 [notice] 1#1: exit
2023/08/06 13:03:53 [notice] 1#1: using the "epoll" event method
2023/08/06 13:03:53 [notice] 1#1: nginx/1.25.1
2023/08/06 13:03:53 [notice] 1#1: built by gcc 12.2.1 20220924 (Alpine 12.2.1_git20220924-r4) 
2023/08/06 13:03:53 [notice] 1#1: OS: Linux 5.15.0-78-generic
2023/08/06 13:03:53 [notice] 1#1: getrlimit(RLIMIT_NOFILE): 1048576:1048576
2023/08/06 13:03:53 [notice] 1#1: start worker processes
2023/08/06 13:03:53 [notice] 1#1: start worker process 29
2023/08/06 13:03:53 [notice] 1#1: start worker process 30
2023/08/06 13:03:53 [notice] 1#1: start worker process 31
2023/08/06 13:03:53 [notice] 1#1: start worker process 32
2023/08/06 13:03:53 [notice] 1#1: start worker process 33
2023/08/06 13:03:53 [notice] 1#1: start worker process 34
2023/08/06 13:03:53 [notice] 1#1: start worker process 35
2023/08/06 13:03:53 [notice] 1#1: start worker process 36
2023/08/06 13:03:53 [notice] 1#1: start worker process 37
2023/08/06 13:03:53 [notice] 1#1: start worker process 38
2023/08/06 13:03:53 [notice] 1#1: start worker process 39
2023/08/06 13:03:53 [notice] 1#1: start worker process 40
2023/08/06 13:03:53 [notice] 1#1: start worker process 41
2023/08/06 13:03:53 [notice] 1#1: start worker process 42
2023/08/06 13:03:53 [notice] 1#1: start worker process 43
2023/08/06 13:03:53 [notice] 1#1: start worker process 44
2023/08/06 14:45:44 [notice] 1#1: signal 3 (SIGQUIT) received, shutting down
2023/08/06 14:45:44 [notice] 30#30: gracefully shutting down
2023/08/06 14:45:44 [notice] 30#30: exiting
2023/08/06 14:45:44 [notice] 39#39: gracefully shutting down
2023/08/06 14:45:44 [notice] 43#43: gracefully shutting down
2023/08/06 14:45:44 [notice] 36#36: gracefully shutting down
2023/08/06 14:45:44 [notice] 29#29: gracefully shutting down
2023/08/06 14:45:44 [notice] 37#37: gracefully shutting down
2023/08/06 14:45:44 [notice] 33#33: gracefully shutting down
2023/08/06 14:45:44 [notice] 38#38: gracefully shutting down
2023/08/06 14:45:44 [notice] 39#39: exiting
2023/08/06 14:45:44 [notice] 43#43: exiting
2023/08/06 14:45:44 [notice] 36#36: exiting
2023/08/06 14:45:44 [notice] 30#30: exit
2023/08/06 14:45:44 [notice] 29#29: exiting
2023/08/06 14:45:44 [notice] 37#37: exiting
2023/08/06 14:45:44 [notice] 33#33: exiting
2023/08/06 14:45:44 [notice] 38#38: exiting
2023/08/06 14:45:44 [notice] 43#43: exit
2023/08/06 14:45:44 [notice] 39#39: exit
2023/08/06 14:45:44 [notice] 36#36: exit
2023/08/06 14:45:44 [notice] 31#31: gracefully shutting down
2023/08/06 14:45:44 [notice] 31#31: exiting
2023/08/06 14:45:44 [notice] 38#38: exit
2023/08/06 14:45:44 [notice] 33#33: exit
2023/08/06 14:45:44 [notice] 29#29: exit
2023/08/06 14:45:44 [notice] 37#37: exit
2023/08/06 14:45:44 [notice] 31#31: exit
2023/08/06 14:45:44 [notice] 32#32: gracefully shutting down
2023/08/06 14:45:44 [notice] 32#32: exiting
2023/08/06 14:45:44 [notice] 32#32: exit
2023/08/06 14:45:44 [notice] 34#34: gracefully shutting down
2023/08/06 14:45:44 [notice] 34#34: exiting
2023/08/06 14:45:44 [notice] 34#34: exit
2023/08/06 14:45:44 [notice] 41#41: gracefully shutting down
2023/08/06 14:45:44 [notice] 42#42: gracefully shutting down
2023/08/06 14:45:44 [notice] 41#41: exiting
2023/08/06 14:45:44 [notice] 42#42: exiting
2023/08/06 14:45:44 [notice] 42#42: exit
2023/08/06 14:45:44 [notice] 41#41: exit
2023/08/06 14:45:44 [notice] 35#35: gracefully shutting down
2023/08/06 14:45:44 [notice] 35#35: exiting
2023/08/06 14:45:44 [notice] 35#35: exit
2023/08/06 14:45:44 [notice] 44#44: gracefully shutting down
2023/08/06 14:45:44 [notice] 44#44: exiting
2023/08/06 14:45:44 [notice] 44#44: exit
2023/08/06 14:45:44 [notice] 40#40: gracefully shutting down
2023/08/06 14:45:44 [notice] 40#40: exiting
2023/08/06 14:45:44 [notice] 40#40: exit
2023/08/06 14:45:45 [notice] 1#1: signal 17 (SIGCHLD) received from 29
2023/08/06 14:45:45 [notice] 1#1: worker process 29 exited with code 0
2023/08/06 14:45:45 [notice] 1#1: worker process 33 exited with code 0
2023/08/06 14:45:45 [notice] 1#1: worker process 38 exited with code 0
2023/08/06 14:45:45 [notice] 1#1: signal 29 (SIGIO) received
2023/08/06 14:45:45 [notice] 1#1: signal 17 (SIGCHLD) received from 38
2023/08/06 14:45:45 [notice] 1#1: signal 17 (SIGCHLD) received from 43
2023/08/06 14:45:45 [notice] 1#1: worker process 43 exited with code 0
2023/08/06 14:45:45 [notice] 1#1: signal 29 (SIGIO) received
2023/08/06 14:45:45 [notice] 1#1: signal 17 (SIGCHLD) received from 34
2023/08/06 14:45:45 [notice] 1#1: worker process 34 exited with code 0
2023/08/06 14:45:45 [notice] 1#1: worker process 42 exited with code 0
2023/08/06 14:45:45 [notice] 1#1: worker process 40 exited with code 0
2023/08/06 14:45:45 [notice] 1#1: worker process 44 exited with code 0
2023/08/06 14:45:45 [notice] 1#1: signal 29 (SIGIO) received
2023/08/06 14:45:45 [notice] 1#1: signal 17 (SIGCHLD) received from 42
2023/08/06 14:45:45 [notice] 1#1: worker process 32 exited with code 0
2023/08/06 14:45:45 [notice] 1#1: signal 29 (SIGIO) received
2023/08/06 14:45:45 [notice] 1#1: signal 17 (SIGCHLD) received from 35
2023/08/06 14:45:45 [notice] 1#1: worker process 35 exited with code 0
2023/08/06 14:45:45 [notice] 1#1: signal 29 (SIGIO) received
2023/08/06 14:45:45 [notice] 1#1: signal 17 (SIGCHLD) received from 36
2023/08/06 14:45:45 [notice] 1#1: worker process 31 exited with code 0
2023/08/06 14:45:45 [notice] 1#1: worker process 36 exited with code 0
2023/08/06 14:45:45 [notice] 1#1: signal 29 (SIGIO) received
2023/08/06 14:45:45 [notice] 1#1: signal 17 (SIGCHLD) received from 31
2023/08/06 14:45:45 [notice] 1#1: signal 17 (SIGCHLD) received from 37
2023/08/06 14:45:45 [notice] 1#1: worker process 37 exited with code 0
2023/08/06 14:45:45 [notice] 1#1: signal 29 (SIGIO) received
2023/08/06 14:45:45 [notice] 1#1: signal 17 (SIGCHLD) received from 41
2023/08/06 14:45:45 [notice] 1#1: worker process 41 exited with code 0
2023/08/06 14:45:45 [notice] 1#1: signal 29 (SIGIO) received
2023/08/06 14:45:45 [notice] 1#1: signal 17 (SIGCHLD) received from 39
2023/08/06 14:45:45 [notice] 1#1: worker process 39 exited with code 0
2023/08/06 14:45:45 [notice] 1#1: worker process 30 exited with code 0
2023/08/06 14:45:45 [notice] 1#1: exit
2023/08/06 16:13:35 [notice] 1#1: using the "epoll" event method
2023/08/06 16:13:35 [notice] 1#1: nginx/1.25.1
2023/08/06 16:13:35 [notice] 1#1: built by gcc 12.2.1 20220924 (Alpine 12.2.1_git20220924-r4) 
2023/08/06 16:13:35 [notice] 1#1: OS: Linux 5.15.0-78-generic
2023/08/06 16:13:35 [notice] 1#1: getrlimit(RLIMIT_NOFILE): 1048576:1048576
2023/08/06 16:13:35 [notice] 1#1: start worker processes
2023/08/06 16:13:35 [notice] 1#1: start worker process 29
2023/08/06 16:13:35 [notice] 1#1: start worker process 30
2023/08/06 16:13:35 [notice] 1#1: start worker process 31
2023/08/06 16:13:35 [notice] 1#1: start worker process 32
2023/08/06 16:13:35 [notice] 1#1: start worker process 33
2023/08/06 16:13:35 [notice] 1#1: start worker process 34
2023/08/06 16:13:35 [notice] 1#1: start worker process 35
2023/08/06 16:13:35 [notice] 1#1: start worker process 36
2023/08/06 16:13:35 [notice] 1#1: start worker process 37
2023/08/06 16:13:35 [notice] 1#1: start worker process 38
2023/08/06 16:13:35 [notice] 1#1: start worker process 39
2023/08/06 16:13:35 [notice] 1#1: start worker process 40
2023/08/06 16:13:35 [notice] 1#1: start worker process 41
2023/08/06 16:13:35 [notice] 1#1: start worker process 42
2023/08/06 16:13:35 [notice] 1#1: start worker process 43
2023/08/06 16:13:35 [notice] 1#1: start worker process 44
2023/08/06 17:17:38 [error] 29#29: *1 FastCGI sent in stderr: "PHP message: [debug] Notified event "kernel.request" to listener "Symfony\Component\HttpKernel\EventListener\DebugHandlersListener::configure".PHP message: [debug] Notified event "kernel.request" to listener "Symfony\Component\HttpKernel\EventListener\ValidateRequestListener::onKernelRequest".PHP message: [debug] Notified event "kernel.request" to listener "Symfony\Component\HttpKernel\EventListener\SessionListener::onKernelRequest".PHP message: [debug] Notified event "kernel.request" to listener "Symfony\Component\HttpKernel\EventListener\LocaleListener::setDefaultLocale".PHP message: [debug] Notified event "kernel.request" to listener "Symfony\Component\HttpKernel\EventListener\RouterListener::onKernelRequest".PHP message: [critical] Uncaught PHP Exception Symfony\Component\Config\Exception\LoaderLoadException: "Cannot load resource "../src/Controller/". Make sure there is a loader supporting the "attribute" type." at /var/www/html/vendor/symfony/config/Loader/Loader.php line 79PHP message: [debug] Notified event "kernel.request" to listener "Symfony\Component\HttpKernel\EventListener\DebugHandlersListener::configure".PHP message: [debug] Notified event "kernel.request" to listener "Symfony\Component\HttpKernel\EventListener\ValidateRequestListener::onKernelRequest".PHP message: [debug] Notified event "kernel.request" to listener "Symfony\Component\HttpKernel\EventListener\SessionListener::onKernelRequest".PHP message: [debug] Notified event "kernel.request" to listener "Symfony\Component\HttpKernel\EventListener\LocaleListener::setDefaultLocale".PHP message: [debug] Notified event "kernel.request" to listener "Symfony\Component\HttpKernel\EventListener\RouterListener::onKernelRequest".PHP message: [debug] Notified event "kernel.request" to listener "Symfony\Component\HttpKernel\EventListener\LocaleListener::onKernelRequest".PHP message: [debug] Notified event "kernel.request" to listener "Symfony\Component\HttpKernel\EventListener\LocaleAwareListe
